<?xml version="1.0" encoding="UTF-8"?>
<testng-results skipped="0" failed="0" ignored="0" total="2" passed="2">
  <reporter-output>
  </reporter-output>
  <suite name="InetBankingV1" duration-ms="126308" started-at="2020-04-28T14:27:38Z" finished-at="2020-04-28T14:29:44Z">
    <groups>
    </groups>
    <test name="BankingApp Test" duration-ms="126308" started-at="2020-04-28T14:27:38Z" finished-at="2020-04-28T14:29:44Z">
      <class name="com.inetbanking.testCases.TC_LoginTest_001">
        <test-method status="PASS" signature="setup(java.lang.String)[pri:0, instance:com.inetbanking.testCases.TC_LoginTest_001@7e0ea639]" name="setup" is-config="true" duration-ms="42086" started-at="2020-04-28T14:27:39Z" finished-at="2020-04-28T14:28:21Z">
          <params>
            <param index="0">
              <value>
                <![CDATA[chrome]]>
              </value>
            </param>
          </params>
          <reporter-output>
          </reporter-output>
        </test-method> <!-- setup -->
        <test-method status="PASS" signature="LoginTest()[pri:0, instance:com.inetbanking.testCases.TC_LoginTest_001@7e0ea639]" name="LoginTest" duration-ms="44029" started-at="2020-04-28T14:28:21Z" finished-at="2020-04-28T14:29:05Z">
          <reporter-output>
          </reporter-output>
        </test-method> <!-- LoginTest -->
        <test-method status="PASS" signature="tearDown()[pri:0, instance:com.inetbanking.testCases.TC_LoginTest_001@7e0ea639]" name="tearDown" is-config="true" duration-ms="806" started-at="2020-04-28T14:29:05Z" finished-at="2020-04-28T14:29:06Z">
          <reporter-output>
          </reporter-output>
        </test-method> <!-- tearDown -->
      </class> <!-- com.inetbanking.testCases.TC_LoginTest_001 -->
      <class name="com.inetbanking.testCases.TC_AddCustomerTest_003">
        <test-method status="PASS" signature="setup(java.lang.String)[pri:0, instance:com.inetbanking.testCases.TC_AddCustomerTest_003@3d24753a]" name="setup" is-config="true" duration-ms="22830" started-at="2020-04-28T14:29:06Z" finished-at="2020-04-28T14:29:29Z">
          <params>
            <param index="0">
              <value>
                <![CDATA[chrome]]>
              </value>
            </param>
          </params>
          <reporter-output>
          </reporter-output>
        </test-method> <!-- setup -->
        <test-method status="PASS" signature="AddNewCustomer()[pri:0, instance:com.inetbanking.testCases.TC_AddCustomerTest_003@3d24753a]" name="AddNewCustomer" duration-ms="14493" started-at="2020-04-28T14:29:29Z" finished-at="2020-04-28T14:29:43Z">
          <reporter-output>
          </reporter-output>
        </test-method> <!-- AddNewCustomer -->
        <test-method status="PASS" signature="tearDown()[pri:0, instance:com.inetbanking.testCases.TC_AddCustomerTest_003@3d24753a]" name="tearDown" is-config="true" duration-ms="979" started-at="2020-04-28T14:29:43Z" finished-at="2020-04-28T14:29:44Z">
          <reporter-output>
          </reporter-output>
        </test-method> <!-- tearDown -->
      </class> <!-- com.inetbanking.testCases.TC_AddCustomerTest_003 -->
    </test> <!-- BankingApp Test -->
  </suite> <!-- InetBankingV1 -->
</testng-results>
