<?xml version="1.0" encoding="UTF-8"?>
<testng-results skipped="0" failed="0" ignored="0" total="2" passed="2">
  <reporter-output>
  </reporter-output>
  <suite name="InetBankingV1" duration-ms="43904" started-at="2020-04-27T14:20:08Z" finished-at="2020-04-27T14:20:52Z">
    <groups>
    </groups>
    <test name="BankingApp Test" duration-ms="43904" started-at="2020-04-27T14:20:08Z" finished-at="2020-04-27T14:20:52Z">
      <class name="com.inetbanking.testCases.TC_LoginTest_001">
        <test-method status="PASS" signature="setup(java.lang.String)[pri:0, instance:com.inetbanking.testCases.TC_LoginTest_001@1a968a59]" name="setup" is-config="true" duration-ms="11523" started-at="2020-04-27T14:20:09Z" finished-at="2020-04-27T14:20:21Z">
          <params>
            <param index="0">
              <value>
                <![CDATA[chrome]]>
              </value>
            </param>
          </params>
          <reporter-output>
          </reporter-output>
        </test-method> <!-- setup -->
        <test-method status="PASS" signature="LoginTest()[pri:0, instance:com.inetbanking.testCases.TC_LoginTest_001@1a968a59]" name="LoginTest" duration-ms="4945" started-at="2020-04-27T14:20:21Z" finished-at="2020-04-27T14:20:26Z">
          <reporter-output>
          </reporter-output>
        </test-method> <!-- LoginTest -->
        <test-method status="PASS" signature="tearDown()[pri:0, instance:com.inetbanking.testCases.TC_LoginTest_001@1a968a59]" name="tearDown" is-config="true" duration-ms="1148" started-at="2020-04-27T14:20:26Z" finished-at="2020-04-27T14:20:27Z">
          <reporter-output>
          </reporter-output>
        </test-method> <!-- tearDown -->
      </class> <!-- com.inetbanking.testCases.TC_LoginTest_001 -->
      <class name="com.inetbanking.testCases.TC_AddCustomerTest_003">
        <test-method status="PASS" signature="setup(java.lang.String)[pri:0, instance:com.inetbanking.testCases.TC_AddCustomerTest_003@4667ae56]" name="setup" is-config="true" duration-ms="8799" started-at="2020-04-27T14:20:27Z" finished-at="2020-04-27T14:20:36Z">
          <params>
            <param index="0">
              <value>
                <![CDATA[chrome]]>
              </value>
            </param>
          </params>
          <reporter-output>
          </reporter-output>
        </test-method> <!-- setup -->
        <test-method status="PASS" signature="AddNewCustomer()[pri:0, instance:com.inetbanking.testCases.TC_AddCustomerTest_003@4667ae56]" name="AddNewCustomer" duration-ms="14854" started-at="2020-04-27T14:20:36Z" finished-at="2020-04-27T14:20:51Z">
          <reporter-output>
          </reporter-output>
        </test-method> <!-- AddNewCustomer -->
        <test-method status="PASS" signature="tearDown()[pri:0, instance:com.inetbanking.testCases.TC_AddCustomerTest_003@4667ae56]" name="tearDown" is-config="true" duration-ms="1081" started-at="2020-04-27T14:20:51Z" finished-at="2020-04-27T14:20:52Z">
          <reporter-output>
          </reporter-output>
        </test-method> <!-- tearDown -->
      </class> <!-- com.inetbanking.testCases.TC_AddCustomerTest_003 -->
    </test> <!-- BankingApp Test -->
  </suite> <!-- InetBankingV1 -->
</testng-results>
